Using pre-set license
Desktop is 1920 x 1080 @ 60 Hz

 COMMAND LINE ARGUMENTS:
Unity
-adb2
-batchMode
-noUpm
-name
AssetImportWorker0
-projectPath
/home/vshturkhal/Документи/UnityEngineProjects/SolarSystem
-logFile
Logs/AssetImportWorker0.log
-srvPort
40929
Successfully changed project path to: /home/vshturkhal/Документи/UnityEngineProjects/SolarSystem
/home/vshturkhal/Документи/UnityEngineProjects/SolarSystem
Using Asset Import Pipeline V2.
Refreshing native plugins compatible for Editor in 48,00 ms, found 0 plugins.
Preloading 0 native plugins for Editor in 0,00 ms.
Initialize engine version: 2020.3.0f1 (c7b5465681fb)
[Subsystems] Discovering subsystems at path /home/vshturkhal/UnityEditor/2020.3.0f1/Editor/Data/Resources/UnitySubsystems
[Subsystems] Discovering subsystems at path /home/vshturkhal/Документи/UnityEngineProjects/SolarSystem/Assets
GLX Extensions: GLX_ARB_create_context GLX_ARB_create_context_no_error GLX_ARB_create_context_profile GLX_ARB_create_context_robustness GLX_ARB_fbconfig_float GLX_ARB_framebuffer_sRGB GLX_ARB_get_proc_address GLX_ARB_multisample GLX_EXT_buffer_age GLX_EXT_create_context_es2_profile GLX_EXT_create_context_es_profile GLX_EXT_fbconfig_packed_float GLX_EXT_framebuffer_sRGB GLX_EXT_import_context GLX_EXT_texture_from_pixmap GLX_EXT_visual_info GLX_EXT_visual_rating GLX_INTEL_swap_event GLX_MESA_copy_sub_buffer GLX_MESA_query_renderer GLX_MESA_swap_control GLX_OML_swap_method GLX_OML_sync_control GLX_SGIS_multisample GLX_SGIX_fbconfig GLX_SGIX_pbuffer GLX_SGIX_visual_select_group GLX_SGI_make_current_read GLX_SGI_swap_control GLX_SGI_video_sync 
Renderer: AMD RAVEN (DRM 3.27.0, 5.0.0-37-generic, LLVM 10.0.1)
Vendor:   X.Org
Version:  4.6 (Core Profile) Mesa 20.2.0-devel (git-912ad09 2020-07-18 bionic-oibaf-ppa)
GLES:     0
 GL_AMD_conservative_depth GL_AMD_depth_clamp_separate GL_AMD_draw_buffers_blend GL_AMD_framebuffer_multisample_advanced GL_AMD_gpu_shader_int64 GL_AMD_multi_draw_indirect GL_AMD_performance_monitor GL_AMD_pinned_memory GL_AMD_query_buffer_object GL_AMD_seamless_cubemap_per_texture GL_AMD_shader_stencil_export GL_AMD_shader_trinary_minmax GL_AMD_texture_texture4 GL_AMD_vertex_shader_layer GL_AMD_vertex_shader_viewport_index GL_ANGLE_texture_compression_dxt3 GL_ANGLE_texture_compression_dxt5 GL_ARB_ES2_compatibility GL_ARB_ES3_1_compatibility GL_ARB_ES3_2_compatibility GL_ARB_ES3_compatibility GL_ARB_arrays_of_arrays GL_ARB_base_instance GL_ARB_bindless_texture GL_ARB_blend_func_extended GL_ARB_buffer_storage GL_ARB_clear_buffer_object GL_ARB_clear_texture GL_ARB_clip_control GL_ARB_color_buffer_float GL_ARB_compressed_texture_pixel_storage GL_ARB_compute_shader GL_ARB_compute_variable_group_size GL_ARB_conditional_render_inverted GL_ARB_conservative_depth GL_ARB_copy_buffer GL_ARB_copy_image GL_ARB_cull_dist
ance GL_ARB_debug_output GL_ARB_depth_buffer_float GL_ARB_depth_clamp GL_ARB_derivative_control GL_ARB_direct_state_access GL_ARB_draw_buffers GL_ARB_draw_buffers_blend GL_ARB_draw_elements_base_vertex GL_ARB_draw_indirect GL_ARB_draw_instanced GL_ARB_enhanced_layouts GL_ARB_explicit_attrib_location GL_ARB_explicit_uniform_location GL_ARB_fragment_coord_conventions GL_ARB_fragment_layer_viewport GL_ARB_fragment_shader GL_ARB_framebuffer_no_attachments GL_ARB_framebuffer_object GL_ARB_framebuffer_sRGB GL_ARB_get_program_binary GL_ARB_get_texture_sub_image GL_ARB_gl_spirv GL_ARB_gpu_shader5 GL_ARB_gpu_shader_fp64 GL_ARB_gpu_shader_int64 GL_ARB_half_float_pixel GL_ARB_half_float_vertex GL_ARB_indirect_parameters GL_ARB_instanced_arrays GL_ARB_internalformat_query GL_ARB_internalformat_query2 GL_ARB_invalidate_subdata GL_ARB_map_buffer_alignment GL_ARB_map_buffer_range GL_ARB_multi_bind GL_ARB_multi_draw_indirect GL_ARB_occlusion_query2 GL_ARB_parallel_shader_compile GL_ARB_pipeline_statistics_query GL_ARB_pixel
_buffer_object GL_ARB_point_sprite GL_ARB_polygon_offset_clamp GL_ARB_program_interface_query GL_ARB_provoking_vertex GL_ARB_query_buffer_object GL_ARB_robust_buffer_access_behavior GL_ARB_robustness GL_ARB_sample_shading GL_ARB_sampler_objects GL_ARB_seamless_cube_map GL_ARB_seamless_cubemap_per_texture GL_ARB_separate_shader_objects GL_ARB_shader_atomic_counter_ops GL_ARB_shader_atomic_counters GL_ARB_shader_ballot GL_ARB_shader_bit_encoding GL_ARB_shader_clock GL_ARB_shader_draw_parameters GL_ARB_shader_group_vote GL_ARB_shader_image_load_store GL_ARB_shader_image_size GL_ARB_shader_objects GL_ARB_shader_precision GL_ARB_shader_stencil_export GL_ARB_shader_storage_buffer_object GL_ARB_shader_subroutine GL_ARB_shader_texture_image_samples GL_ARB_shader_texture_lod GL_ARB_shader_viewport_layer_array GL_ARB_shading_language_420pack GL_ARB_shading_language_include GL_ARB_shading_language_packing GL_ARB_sparse_buffer GL_ARB_spirv_extensions GL_ARB_stencil_texturing GL_ARB_sync GL_ARB_tessellation_shader GL_ARB
_texture_barrier GL_ARB_texture_buffer_object GL_ARB_texture_buffer_object_rgb32 GL_ARB_texture_buffer_range GL_ARB_texture_compression_bptc GL_ARB_texture_compression_rgtc GL_ARB_texture_cube_map_array GL_ARB_texture_filter_anisotropic GL_ARB_texture_float GL_ARB_texture_gather GL_ARB_texture_mirror_clamp_to_edge GL_ARB_texture_multisample GL_ARB_texture_non_power_of_two GL_ARB_texture_query_levels GL_ARB_texture_query_lod GL_ARB_texture_rectangle GL_ARB_texture_rg GL_ARB_texture_rgb10_a2ui GL_ARB_texture_stencil8 GL_ARB_texture_storage GL_ARB_texture_storage_multisample GL_ARB_texture_swizzle GL_ARB_texture_view GL_ARB_timer_query GL_ARB_transform_feedback2 GL_ARB_transform_feedback3 GL_ARB_transform_feedback_instanced GL_ARB_transform_feedback_overflow_query GL_ARB_uniform_buffer_object GL_ARB_vertex_array_bgra GL_ARB_vertex_array_object GL_ARB_vertex_attrib_64bit GL_ARB_vertex_attrib_binding GL_ARB_vertex_buffer_object GL_ARB_vertex_shader GL_ARB_vertex_type_10f_11f_11f_rev GL_ARB_vertex_type_2_10_10_10_
rev GL_ARB_viewport_array GL_ATI_blend_equation_separate GL_ATI_meminfo GL_ATI_texture_float GL_ATI_texture_mirror_once GL_EXT_EGL_image_storage GL_EXT_EGL_sync GL_EXT_abgr GL_EXT_blend_equation_separate GL_EXT_depth_bounds_test GL_EXT_draw_buffers2 GL_EXT_draw_instanced GL_EXT_framebuffer_blit GL_EXT_framebuffer_multisample GL_EXT_framebuffer_multisample_blit_scaled GL_EXT_framebuffer_object GL_EXT_framebuffer_sRGB GL_EXT_memory_object GL_EXT_memory_object_fd GL_EXT_packed_depth_stencil GL_EXT_packed_float GL_EXT_pixel_buffer_object GL_EXT_polygon_offset_clamp GL_EXT_provoking_vertex GL_EXT_semaphore GL_EXT_semaphore_fd GL_EXT_shader_image_load_formatted GL_EXT_shader_image_load_store GL_EXT_shader_integer_mix GL_EXT_shader_samples_identical GL_EXT_texture_array GL_EXT_texture_compression_dxt1 GL_EXT_texture_compression_rgtc GL_EXT_texture_compression_s3tc GL_EXT_texture_filter_anisotropic GL_EXT_texture_integer GL_EXT_texture_mirror_clamp GL_EXT_texture_sRGB GL_EXT_texture_sRGB_R8 GL_EXT_texture_sRGB_decod
e GL_EXT_texture_shadow_lod GL_EXT_texture_shared_exponent GL_EXT_texture_snorm GL_EXT_texture_swizzle GL_EXT_timer_query GL_EXT_transform_feedback GL_EXT_vertex_array_bgra GL_EXT_vertex_attrib_64bit GL_EXT_window_rectangles GL_IBM_multimode_draw_arrays GL_KHR_blend_equation_advanced GL_KHR_context_flush_control GL_KHR_debug GL_KHR_no_error GL_KHR_parallel_shader_compile GL_KHR_robust_buffer_access_behavior GL_KHR_robustness GL_KHR_texture_compression_astc_ldr GL_KHR_texture_compression_astc_sliced_3d GL_MESA_framebuffer_flip_y GL_MESA_pack_invert GL_MESA_shader_integer_functions GL_MESA_texture_signed_rgba GL_NVX_gpu_memory_info GL_NV_alpha_to_coverage_dither_control GL_NV_conditional_render GL_NV_copy_image GL_NV_depth_clamp GL_NV_packed_depth_stencil GL_NV_texture_barrier GL_NV_vdpau_interop GL_OES_EGL_image GL_S3_s3tc
OPENGL LOG: Creating OpenGL 4.6 graphics device ; Context level  <OpenGL 4.5> ; Context handle 1044235264
Initialize mono
Mono path[0] = '/home/vshturkhal/UnityEditor/2020.3.0f1/Editor/Data/Managed'
Mono path[1] = '/home/vshturkhal/UnityEditor/2020.3.0f1/Editor/Data/MonoBleedingEdge/lib/mono/unityjit'
Mono config path = '/home/vshturkhal/UnityEditor/2020.3.0f1/Editor/Data/MonoBleedingEdge/etc'
Using monoOptions --debugger-agent=transport=dt_socket,embedding=1,server=y,suspend=n,address=127.0.0.1:56322
Begin MonoManager ReloadAssembly
Registering precompiled unity dll's ...
Register platform support module: /home/vshturkhal/UnityEditor/2020.3.0f1/Editor/Data/PlaybackEngines/WebGLSupport/UnityEditor.WebGL.Extensions.dll
Register platform support module: /home/vshturkhal/UnityEditor/2020.3.0f1/Editor/Data/PlaybackEngines/MacStandaloneSupport/UnityEditor.OSXStandalone.Extensions.dll
Register platform support module: /home/vshturkhal/UnityEditor/2020.3.0f1/Editor/Data/PlaybackEngines/WindowsStandaloneSupport/UnityEditor.WindowsStandalone.Extensions.dll
Register platform support module: /home/vshturkhal/UnityEditor/2020.3.0f1/Editor/Data/PlaybackEngines/LinuxStandaloneSupport/UnityEditor.LinuxStandalone.Extensions.dll
Registered in 0,002690 seconds.
Native extension for LinuxStandalone target not found
Native extension for WindowsStandalone target not found
Native extension for OSXStandalone target not found
Native extension for WebGL target not found
Refreshing native plugins compatible for Editor in 59,60 ms, found 0 plugins.
Preloading 0 native plugins for Editor in 0,00 ms.
Invoked RoslynAnalysisRunner static constructor.
RoslynAnalysisRunner will not be running.
RoslynAnalysisRunner has terminated.
Mono: successfully reloaded assembly
- Completed reload, in  2,424 seconds
Platform modules already initialized, skipping
Registering precompiled user dll's ...
Registered in 0,001141 seconds.
Begin MonoManager ReloadAssembly
Native extension for LinuxStandalone target not found
Native extension for WindowsStandalone target not found
Native extension for OSXStandalone target not found
Native extension for WebGL target not found
Refreshing native plugins compatible for Editor in 0,68 ms, found 0 plugins.
Preloading 0 native plugins for Editor in 0,00 ms.
Invoked RoslynAnalysisRunner static constructor.
RoslynAnalysisRunner will not be running.
RoslynAnalysisRunner has terminated.
Mono: successfully reloaded assembly
- Completed reload, in  1,865 seconds
Platform modules already initialized, skipping
========================================================================
Worker process is ready to serve import requests
Launched and connected shader compiler UnityShaderCompiler after 0.01 seconds
Refreshing native plugins compatible for Editor in 0,68 ms, found 0 plugins.
Preloading 0 native plugins for Editor in 0,00 ms.
Unloading 1127 Unused Serialized files (Serialized files now loaded: 0)
System memory in use before: 63,3 MB.
System memory in use after: 63,4 MB.

Unloading 9 unused Assets to reduce memory usage. Loaded Objects now: 1586.
Total: 7,373280 ms (FindLiveObjects: 0,512741 ms CreateObjectMapping: 0,088666 ms MarkObjects: 6,535660 ms  DeleteObjects: 0,229850 ms)

========================================================================
Received Import Request.
  path: Assets/Prefab/SpecialComet.prefab
  artifactKey: Guid(cc0631694ae51223f86d4cde8b9839a2) Importer(815301076,1909f56bfc062723c751e8b465ee728b)
Start importing Assets/Prefab/SpecialComet.prefab using Guid(cc0631694ae51223f86d4cde8b9839a2) Importer(815301076,1909f56bfc062723c751e8b465ee728b)  -> (artifact id: '70e73d50c14f09bf48113515d2380233') in 0,206253 seconds
  Import took 0,211995 seconds .

========================================================================
Received Import Request.
  Time since last request: 81,213678 seconds.
  path: Assets/Prefab/SpecialComet.prefab
  artifactKey: Guid(cc0631694ae51223f86d4cde8b9839a2) Importer(815301076,1909f56bfc062723c751e8b465ee728b)
Start importing Assets/Prefab/SpecialComet.prefab using Guid(cc0631694ae51223f86d4cde8b9839a2) Importer(815301076,1909f56bfc062723c751e8b465ee728b)  -> (artifact id: 'db14bc67f9ec0324e544e336b1ccb9e0') in 0,019116 seconds
  Import took 0,025837 seconds .

========================================================================
Received Import Request.
  Time since last request: 5,763527 seconds.
  path: Assets/Prefab/SpecialComet.prefab
  artifactKey: Guid(cc0631694ae51223f86d4cde8b9839a2) Importer(815301076,1909f56bfc062723c751e8b465ee728b)
Start importing Assets/Prefab/SpecialComet.prefab using Guid(cc0631694ae51223f86d4cde8b9839a2) Importer(815301076,1909f56bfc062723c751e8b465ee728b)  -> (artifact id: '99057c24b4fb04670efaa12aee9a8398') in 0,017121 seconds
  Import took 0,022984 seconds .

========================================================================
Received Import Request.
  Time since last request: 4,629793 seconds.
  path: Assets/Prefab/SpecialComet.prefab
  artifactKey: Guid(cc0631694ae51223f86d4cde8b9839a2) Importer(815301076,1909f56bfc062723c751e8b465ee728b)
Start importing Assets/Prefab/SpecialComet.prefab using Guid(cc0631694ae51223f86d4cde8b9839a2) Importer(815301076,1909f56bfc062723c751e8b465ee728b)  -> (artifact id: 'bf92cf69c51ba945de37eb38983a0f19') in 0,016842 seconds
  Import took 0,022824 seconds .

========================================================================
Received Import Request.
  Time since last request: 7,248054 seconds.
  path: Assets/Prefab/SpecialComet.prefab
  artifactKey: Guid(cc0631694ae51223f86d4cde8b9839a2) Importer(815301076,1909f56bfc062723c751e8b465ee728b)
Start importing Assets/Prefab/SpecialComet.prefab using Guid(cc0631694ae51223f86d4cde8b9839a2) Importer(815301076,1909f56bfc062723c751e8b465ee728b)  -> (artifact id: '7c074589d3f1a51439adccd8c71e9a1b') in 0,015967 seconds
  Import took 0,021771 seconds .

========================================================================
Received Import Request.
  Time since last request: 2,194454 seconds.
  path: Assets/Prefab/SpecialComet.prefab
  artifactKey: Guid(cc0631694ae51223f86d4cde8b9839a2) Importer(815301076,1909f56bfc062723c751e8b465ee728b)
Start importing Assets/Prefab/SpecialComet.prefab using Guid(cc0631694ae51223f86d4cde8b9839a2) Importer(815301076,1909f56bfc062723c751e8b465ee728b)  -> (artifact id: '6dca9332d868d36f36d8531414ee0df4') in 0,015547 seconds
  Import took 0,022773 seconds .

========================================================================
Received Import Request.
  Time since last request: 8,224916 seconds.
  path: Assets/Prefab/SpecialComet.prefab
  artifactKey: Guid(cc0631694ae51223f86d4cde8b9839a2) Importer(815301076,1909f56bfc062723c751e8b465ee728b)
Start importing Assets/Prefab/SpecialComet.prefab using Guid(cc0631694ae51223f86d4cde8b9839a2) Importer(815301076,1909f56bfc062723c751e8b465ee728b)  -> (artifact id: '75ade1ff62948c551f05a115bb5f55ec') in 0,018001 seconds
  Import took 0,024436 seconds .

========================================================================
Received Import Request.
  Time since last request: 4,380205 seconds.
  path: Assets/Prefab/SpecialComet.prefab
  artifactKey: Guid(cc0631694ae51223f86d4cde8b9839a2) Importer(815301076,1909f56bfc062723c751e8b465ee728b)
Start importing Assets/Prefab/SpecialComet.prefab using Guid(cc0631694ae51223f86d4cde8b9839a2) Importer(815301076,1909f56bfc062723c751e8b465ee728b)  -> (artifact id: '0bec0ef1402e448c1f3cddbe87816470') in 0,016064 seconds
  Import took 0,022334 seconds .

========================================================================
Received Import Request.
  Time since last request: 6,424648 seconds.
  path: Assets/Prefab/SpecialComet.prefab
  artifactKey: Guid(cc0631694ae51223f86d4cde8b9839a2) Importer(815301076,1909f56bfc062723c751e8b465ee728b)
Start importing Assets/Prefab/SpecialComet.prefab using Guid(cc0631694ae51223f86d4cde8b9839a2) Importer(815301076,1909f56bfc062723c751e8b465ee728b)  -> (artifact id: '07d6a368de397714a595c1bb5dc6f307') in 0,017797 seconds
  Import took 0,024842 seconds .

========================================================================
Received Import Request.
  Time since last request: 1,434789 seconds.
  path: Assets/Prefab/SpecialComet.prefab
  artifactKey: Guid(cc0631694ae51223f86d4cde8b9839a2) Importer(815301076,1909f56bfc062723c751e8b465ee728b)
Start importing Assets/Prefab/SpecialComet.prefab using Guid(cc0631694ae51223f86d4cde8b9839a2) Importer(815301076,1909f56bfc062723c751e8b465ee728b)  -> (artifact id: '679bfe05dc37da0aefe2f26e3ba5f0cf') in 0,017131 seconds
  Import took 0,023337 seconds .

========================================================================
Received Import Request.
  Time since last request: 14,616389 seconds.
  path: Assets/Prefab/SpecialComet.prefab
  artifactKey: Guid(cc0631694ae51223f86d4cde8b9839a2) Importer(815301076,1909f56bfc062723c751e8b465ee728b)
Start importing Assets/Prefab/SpecialComet.prefab using Guid(cc0631694ae51223f86d4cde8b9839a2) Importer(815301076,1909f56bfc062723c751e8b465ee728b)  -> (artifact id: 'b6f90a13e3c6a0b68c3c53fd9fb16062') in 0,015703 seconds
  Import took 0,021489 seconds .

========================================================================
Received Import Request.
  Time since last request: 12,641292 seconds.
  path: Assets/Prefab/SpecialComet.prefab
  artifactKey: Guid(cc0631694ae51223f86d4cde8b9839a2) Importer(815301076,1909f56bfc062723c751e8b465ee728b)
Start importing Assets/Prefab/SpecialComet.prefab using Guid(cc0631694ae51223f86d4cde8b9839a2) Importer(815301076,1909f56bfc062723c751e8b465ee728b)  -> (artifact id: 'adc8ce83011f0e8ee033eed13e1c6c26') in 0,016302 seconds
  Import took 0,022411 seconds .

========================================================================
Received Import Request.
  Time since last request: 28,904660 seconds.
  path: Assets/Prefab/SpecialComet.prefab
  artifactKey: Guid(cc0631694ae51223f86d4cde8b9839a2) Importer(815301076,1909f56bfc062723c751e8b465ee728b)
Start importing Assets/Prefab/SpecialComet.prefab using Guid(cc0631694ae51223f86d4cde8b9839a2) Importer(815301076,1909f56bfc062723c751e8b465ee728b)  -> (artifact id: 'f5cb2c39c06c5e4af9517e79fe3fd026') in 0,017778 seconds
  Import took 0,023624 seconds .

========================================================================
Received Prepare
Registering precompiled user dll's ...
Registered in 0,001096 seconds.
Begin MonoManager ReloadAssembly
Native extension for LinuxStandalone target not found
Native extension for WindowsStandalone target not found
Native extension for OSXStandalone target not found
Native extension for WebGL target not found
Refreshing native plugins compatible for Editor in 0,50 ms, found 0 plugins.
Preloading 0 native plugins for Editor in 0,00 ms.
Invoked RoslynAnalysisRunner static constructor.
RoslynAnalysisRunner will not be running.
RoslynAnalysisRunner has terminated.
Mono: successfully reloaded assembly
- Completed reload, in  1,512 seconds
Platform modules already initialized, skipping
Refreshing native plugins compatible for Editor in 0,49 ms, found 0 plugins.
Preloading 0 native plugins for Editor in 0,00 ms.
Unloading 1121 Unused Serialized files (Serialized files now loaded: 0)
System memory in use before: 64,7 MB.
System memory in use after: 64,8 MB.

Unloading 4 unused Assets to reduce memory usage. Loaded Objects now: 1597.
Total: 8,418479 ms (FindLiveObjects: 0,371727 ms CreateObjectMapping: 0,064551 ms MarkObjects: 7,897172 ms  DeleteObjects: 0,078407 ms)

========================================================================
Received Prepare
Registering precompiled user dll's ...
Registered in 0,000783 seconds.
Begin MonoManager ReloadAssembly
Native extension for LinuxStandalone target not found
Native extension for WindowsStandalone target not found
Native extension for OSXStandalone target not found
Native extension for WebGL target not found
Refreshing native plugins compatible for Editor in 0,43 ms, found 0 plugins.
Preloading 0 native plugins for Editor in 0,00 ms.
Invoked RoslynAnalysisRunner static constructor.
RoslynAnalysisRunner will not be running.
RoslynAnalysisRunner has terminated.
Mono: successfully reloaded assembly
- Completed reload, in  1,467 seconds
Platform modules already initialized, skipping
Refreshing native plugins compatible for Editor in 0,43 ms, found 0 plugins.
Preloading 0 native plugins for Editor in 0,00 ms.
Unloading 1121 Unused Serialized files (Serialized files now loaded: 0)
System memory in use before: 64,7 MB.
System memory in use after: 64,8 MB.

Unloading 4 unused Assets to reduce memory usage. Loaded Objects now: 1600.
Total: 4,858206 ms (FindLiveObjects: 0,248856 ms CreateObjectMapping: 0,059762 ms MarkObjects: 4,496267 ms  DeleteObjects: 0,042129 ms)

========================================================================
Received Import Request.
  Time since last request: 7258,111965 seconds.
  path: Assets/Scripts/MoveToPosition.cs
  artifactKey: Guid(6f60d2e732811e45bad8b70b5e8679d3) Importer(815301076,1909f56bfc062723c751e8b465ee728b)
Start importing Assets/Scripts/MoveToPosition.cs using Guid(6f60d2e732811e45bad8b70b5e8679d3) Importer(815301076,1909f56bfc062723c751e8b465ee728b)  -> (artifact id: '3612df1ea2f069879c957613d9cd29e3') in 0,006915 seconds
  Import took 0,010892 seconds .

========================================================================
Received Import Request.
  Time since last request: 0,005709 seconds.
  path: Assets/Scripts/MoveToPosition.cs
  artifactKey: Guid(6f60d2e732811e45bad8b70b5e8679d3) Importer(815301076,1909f56bfc062723c751e8b465ee728b)
Start importing Assets/Scripts/MoveToPosition.cs using Guid(6f60d2e732811e45bad8b70b5e8679d3) Importer(815301076,1909f56bfc062723c751e8b465ee728b)  -> (artifact id: '3612df1ea2f069879c957613d9cd29e3') in 0,000958 seconds
  Import took 0,004839 seconds .

========================================================================
Received Prepare
Registering precompiled user dll's ...
Registered in 0,000934 seconds.
Begin MonoManager ReloadAssembly
Native extension for LinuxStandalone target not found
Native extension for WindowsStandalone target not found
Native extension for OSXStandalone target not found
Native extension for WebGL target not found
Refreshing native plugins compatible for Editor in 0,65 ms, found 0 plugins.
Preloading 0 native plugins for Editor in 0,00 ms.
Invoked RoslynAnalysisRunner static constructor.
RoslynAnalysisRunner will not be running.
RoslynAnalysisRunner has terminated.
Mono: successfully reloaded assembly
- Completed reload, in  1,482 seconds
Platform modules already initialized, skipping
Refreshing native plugins compatible for Editor in 0,99 ms, found 0 plugins.
Preloading 0 native plugins for Editor in 0,00 ms.
Unloading 1121 Unused Serialized files (Serialized files now loaded: 0)
System memory in use before: 64,7 MB.
System memory in use after: 64,8 MB.

Unloading 4 unused Assets to reduce memory usage. Loaded Objects now: 1603.
Total: 7,223219 ms (FindLiveObjects: 0,658654 ms CreateObjectMapping: 0,112380 ms MarkObjects: 6,382653 ms  DeleteObjects: 0,062057 ms)

========================================================================
Received Prepare
Refreshing native plugins compatible for Editor in 1,33 ms, found 0 plugins.
Preloading 0 native plugins for Editor in 0,00 ms.
Unloading 2 Unused Serialized files (Serialized files now loaded: 0)
System memory in use before: 42,4 MB.
System memory in use after: 42,5 MB.

Unloading 2 unused Assets to reduce memory usage. Loaded Objects now: 1603.
Total: 6,041333 ms (FindLiveObjects: 0,376686 ms CreateObjectMapping: 0,061546 ms MarkObjects: 5,543541 ms  DeleteObjects: 0,053440 ms)

========================================================================
Received Import Request.
  Time since last request: 2511,511578 seconds.
  path: Assets/Sounds
  artifactKey: Guid(356dbccea2935e9b2b6fdf2a55b7396b) Importer(815301076,1909f56bfc062723c751e8b465ee728b)
Start importing Assets/Sounds using Guid(356dbccea2935e9b2b6fdf2a55b7396b) Importer(815301076,1909f56bfc062723c751e8b465ee728b)  -> (artifact id: '2917cb010681859710939dfbd2a3f968') in 0,006044 seconds
  Import took 0,011971 seconds .

