Using pre-set license
Desktop is 1920 x 1080 @ 60 Hz

 COMMAND LINE ARGUMENTS:
Unity
-adb2
-batchMode
-noUpm
-name
AssetImportWorker0
-projectPath
/home/vshturkhal/Документи/UnityEngineProjects/SolarSystem
-logFile
Logs/AssetImportWorker0.log
-srvPort
41573
Successfully changed project path to: /home/vshturkhal/Документи/UnityEngineProjects/SolarSystem
/home/vshturkhal/Документи/UnityEngineProjects/SolarSystem
Using Asset Import Pipeline V2.
Refreshing native plugins compatible for Editor in 38,92 ms, found 0 plugins.
Preloading 0 native plugins for Editor in 0,00 ms.
Initialize engine version: 2020.2.2f1 (068178b99f32)
[Subsystems] Discovering subsystems at path /home/vshturkhal/UnityEditor/2020.2.2f1/Editor/Data/Resources/UnitySubsystems
[Subsystems] Discovering subsystems at path /home/vshturkhal/Документи/UnityEngineProjects/SolarSystem/Assets
GLX Extensions: GLX_ARB_create_context GLX_ARB_create_context_no_error GLX_ARB_create_context_profile GLX_ARB_create_context_robustness GLX_ARB_fbconfig_float GLX_ARB_framebuffer_sRGB GLX_ARB_get_proc_address GLX_ARB_multisample GLX_EXT_buffer_age GLX_EXT_create_context_es2_profile GLX_EXT_create_context_es_profile GLX_EXT_fbconfig_packed_float GLX_EXT_framebuffer_sRGB GLX_EXT_import_context GLX_EXT_texture_from_pixmap GLX_EXT_visual_info GLX_EXT_visual_rating GLX_INTEL_swap_event GLX_MESA_copy_sub_buffer GLX_MESA_query_renderer GLX_MESA_swap_control GLX_OML_swap_method GLX_OML_sync_control GLX_SGIS_multisample GLX_SGIX_fbconfig GLX_SGIX_pbuffer GLX_SGIX_visual_select_group GLX_SGI_make_current_read GLX_SGI_swap_control GLX_SGI_video_sync 
Renderer: AMD RAVEN (DRM 3.27.0, 5.0.0-37-generic, LLVM 10.0.1)
Vendor:   X.Org
Version:  4.6 (Core Profile) Mesa 20.2.0-devel (git-912ad09 2020-07-18 bionic-oibaf-ppa)
GLES:     0
 GL_AMD_conservative_depth GL_AMD_depth_clamp_separate GL_AMD_draw_buffers_blend GL_AMD_framebuffer_multisample_advanced GL_AMD_gpu_shader_int64 GL_AMD_multi_draw_indirect GL_AMD_performance_monitor GL_AMD_pinned_memory GL_AMD_query_buffer_object GL_AMD_seamless_cubemap_per_texture GL_AMD_shader_stencil_export GL_AMD_shader_trinary_minmax GL_AMD_texture_texture4 GL_AMD_vertex_shader_layer GL_AMD_vertex_shader_viewport_index GL_ANGLE_texture_compression_dxt3 GL_ANGLE_texture_compression_dxt5 GL_ARB_ES2_compatibility GL_ARB_ES3_1_compatibility GL_ARB_ES3_2_compatibility GL_ARB_ES3_compatibility GL_ARB_arrays_of_arrays GL_ARB_base_instance GL_ARB_bindless_texture GL_ARB_blend_func_extended GL_ARB_buffer_storage GL_ARB_clear_buffer_object GL_ARB_clear_texture GL_ARB_clip_control GL_ARB_color_buffer_float GL_ARB_compressed_texture_pixel_storage GL_ARB_compute_shader GL_ARB_compute_variable_group_size GL_ARB_conditional_render_inverted GL_ARB_conservative_depth GL_ARB_copy_buffer GL_ARB_copy_image GL_ARB_cull_dist
ance GL_ARB_debug_output GL_ARB_depth_buffer_float GL_ARB_depth_clamp GL_ARB_derivative_control GL_ARB_direct_state_access GL_ARB_draw_buffers GL_ARB_draw_buffers_blend GL_ARB_draw_elements_base_vertex GL_ARB_draw_indirect GL_ARB_draw_instanced GL_ARB_enhanced_layouts GL_ARB_explicit_attrib_location GL_ARB_explicit_uniform_location GL_ARB_fragment_coord_conventions GL_ARB_fragment_layer_viewport GL_ARB_fragment_shader GL_ARB_framebuffer_no_attachments GL_ARB_framebuffer_object GL_ARB_framebuffer_sRGB GL_ARB_get_program_binary GL_ARB_get_texture_sub_image GL_ARB_gl_spirv GL_ARB_gpu_shader5 GL_ARB_gpu_shader_fp64 GL_ARB_gpu_shader_int64 GL_ARB_half_float_pixel GL_ARB_half_float_vertex GL_ARB_indirect_parameters GL_ARB_instanced_arrays GL_ARB_internalformat_query GL_ARB_internalformat_query2 GL_ARB_invalidate_subdata GL_ARB_map_buffer_alignment GL_ARB_map_buffer_range GL_ARB_multi_bind GL_ARB_multi_draw_indirect GL_ARB_occlusion_query2 GL_ARB_parallel_shader_compile GL_ARB_pipeline_statistics_query GL_ARB_pixel
_buffer_object GL_ARB_point_sprite GL_ARB_polygon_offset_clamp GL_ARB_program_interface_query GL_ARB_provoking_vertex GL_ARB_query_buffer_object GL_ARB_robust_buffer_access_behavior GL_ARB_robustness GL_ARB_sample_shading GL_ARB_sampler_objects GL_ARB_seamless_cube_map GL_ARB_seamless_cubemap_per_texture GL_ARB_separate_shader_objects GL_ARB_shader_atomic_counter_ops GL_ARB_shader_atomic_counters GL_ARB_shader_ballot GL_ARB_shader_bit_encoding GL_ARB_shader_clock GL_ARB_shader_draw_parameters GL_ARB_shader_group_vote GL_ARB_shader_image_load_store GL_ARB_shader_image_size GL_ARB_shader_objects GL_ARB_shader_precision GL_ARB_shader_stencil_export GL_ARB_shader_storage_buffer_object GL_ARB_shader_subroutine GL_ARB_shader_texture_image_samples GL_ARB_shader_texture_lod GL_ARB_shader_viewport_layer_array GL_ARB_shading_language_420pack GL_ARB_shading_language_include GL_ARB_shading_language_packing GL_ARB_sparse_buffer GL_ARB_spirv_extensions GL_ARB_stencil_texturing GL_ARB_sync GL_ARB_tessellation_shader GL_ARB
_texture_barrier GL_ARB_texture_buffer_object GL_ARB_texture_buffer_object_rgb32 GL_ARB_texture_buffer_range GL_ARB_texture_compression_bptc GL_ARB_texture_compression_rgtc GL_ARB_texture_cube_map_array GL_ARB_texture_filter_anisotropic GL_ARB_texture_float GL_ARB_texture_gather GL_ARB_texture_mirror_clamp_to_edge GL_ARB_texture_multisample GL_ARB_texture_non_power_of_two GL_ARB_texture_query_levels GL_ARB_texture_query_lod GL_ARB_texture_rectangle GL_ARB_texture_rg GL_ARB_texture_rgb10_a2ui GL_ARB_texture_stencil8 GL_ARB_texture_storage GL_ARB_texture_storage_multisample GL_ARB_texture_swizzle GL_ARB_texture_view GL_ARB_timer_query GL_ARB_transform_feedback2 GL_ARB_transform_feedback3 GL_ARB_transform_feedback_instanced GL_ARB_transform_feedback_overflow_query GL_ARB_uniform_buffer_object GL_ARB_vertex_array_bgra GL_ARB_vertex_array_object GL_ARB_vertex_attrib_64bit GL_ARB_vertex_attrib_binding GL_ARB_vertex_buffer_object GL_ARB_vertex_shader GL_ARB_vertex_type_10f_11f_11f_rev GL_ARB_vertex_type_2_10_10_10_
rev GL_ARB_viewport_array GL_ATI_blend_equation_separate GL_ATI_meminfo GL_ATI_texture_float GL_ATI_texture_mirror_once GL_EXT_EGL_image_storage GL_EXT_EGL_sync GL_EXT_abgr GL_EXT_blend_equation_separate GL_EXT_depth_bounds_test GL_EXT_draw_buffers2 GL_EXT_draw_instanced GL_EXT_framebuffer_blit GL_EXT_framebuffer_multisample GL_EXT_framebuffer_multisample_blit_scaled GL_EXT_framebuffer_object GL_EXT_framebuffer_sRGB GL_EXT_memory_object GL_EXT_memory_object_fd GL_EXT_packed_depth_stencil GL_EXT_packed_float GL_EXT_pixel_buffer_object GL_EXT_polygon_offset_clamp GL_EXT_provoking_vertex GL_EXT_semaphore GL_EXT_semaphore_fd GL_EXT_shader_image_load_formatted GL_EXT_shader_image_load_store GL_EXT_shader_integer_mix GL_EXT_shader_samples_identical GL_EXT_texture_array GL_EXT_texture_compression_dxt1 GL_EXT_texture_compression_rgtc GL_EXT_texture_compression_s3tc GL_EXT_texture_filter_anisotropic GL_EXT_texture_integer GL_EXT_texture_mirror_clamp GL_EXT_texture_sRGB GL_EXT_texture_sRGB_R8 GL_EXT_texture_sRGB_decod
e GL_EXT_texture_shadow_lod GL_EXT_texture_shared_exponent GL_EXT_texture_snorm GL_EXT_texture_swizzle GL_EXT_timer_query GL_EXT_transform_feedback GL_EXT_vertex_array_bgra GL_EXT_vertex_attrib_64bit GL_EXT_window_rectangles GL_IBM_multimode_draw_arrays GL_KHR_blend_equation_advanced GL_KHR_context_flush_control GL_KHR_debug GL_KHR_no_error GL_KHR_parallel_shader_compile GL_KHR_robust_buffer_access_behavior GL_KHR_robustness GL_KHR_texture_compression_astc_ldr GL_KHR_texture_compression_astc_sliced_3d GL_MESA_framebuffer_flip_y GL_MESA_pack_invert GL_MESA_shader_integer_functions GL_MESA_texture_signed_rgba GL_NVX_gpu_memory_info GL_NV_alpha_to_coverage_dither_control GL_NV_conditional_render GL_NV_copy_image GL_NV_depth_clamp GL_NV_packed_depth_stencil GL_NV_texture_barrier GL_NV_vdpau_interop GL_OES_EGL_image GL_S3_s3tc
OPENGL LOG: Creating OpenGL 4.6 graphics device ; Context level  <OpenGL 4.5> ; Context handle -924517792
Initialize mono
Mono path[0] = '/home/vshturkhal/UnityEditor/2020.2.2f1/Editor/Data/Managed'
Mono path[1] = '/home/vshturkhal/UnityEditor/2020.2.2f1/Editor/Data/MonoBleedingEdge/lib/mono/unityjit'
Mono config path = '/home/vshturkhal/UnityEditor/2020.2.2f1/Editor/Data/MonoBleedingEdge/etc'
Using monoOptions --debugger-agent=transport=dt_socket,embedding=1,server=y,suspend=n,address=127.0.0.1:56714
Begin MonoManager ReloadAssembly
Registering precompiled unity dll's ...
Register platform support module: /home/vshturkhal/UnityEditor/2020.2.2f1/Editor/Data/PlaybackEngines/WebGLSupport/UnityEditor.WebGL.Extensions.dll
Register platform support module: /home/vshturkhal/UnityEditor/2020.2.2f1/Editor/Data/PlaybackEngines/WindowsStandaloneSupport/UnityEditor.WindowsStandalone.Extensions.dll
Register platform support module: /home/vshturkhal/UnityEditor/2020.2.2f1/Editor/Data/PlaybackEngines/LinuxStandaloneSupport/UnityEditor.LinuxStandalone.Extensions.dll
Registered in 0,002090 seconds.
Native extension for LinuxStandalone target not found
Native extension for WindowsStandalone target not found
Native extension for WebGL target not found
Refreshing native plugins compatible for Editor in 44,60 ms, found 0 plugins.
Preloading 0 native plugins for Editor in 0,00 ms.
Invoked RoslynAnalysisRunner static constructor.
RoslynAnalysisRunner will not be running.
RoslynAnalysisRunner has terminated.
Mono: successfully reloaded assembly
- Completed reload, in  2,049 seconds
Platform modules already initialized, skipping
Registering precompiled user dll's ...
Registered in 0,001206 seconds.
Begin MonoManager ReloadAssembly
Native extension for LinuxStandalone target not found
Native extension for WindowsStandalone target not found
Native extension for WebGL target not found
Refreshing native plugins compatible for Editor in 0,52 ms, found 0 plugins.
Preloading 0 native plugins for Editor in 0,00 ms.
Invoked RoslynAnalysisRunner static constructor.
RoslynAnalysisRunner will not be running.
RoslynAnalysisRunner has terminated.
Mono: successfully reloaded assembly
- Completed reload, in  1,450 seconds
Platform modules already initialized, skipping
========================================================================
Worker process is ready to serve import requests
Launched and connected shader compiler UnityShaderCompiler after 0.01 seconds
Refreshing native plugins compatible for Editor in 0,50 ms, found 0 plugins.
Preloading 0 native plugins for Editor in 0,00 ms.
Unloading 1103 Unused Serialized files (Serialized files now loaded: 0)
System memory in use before: 62,6 MB.
System memory in use after: 62,6 MB.

Unloading 10 unused Assets to reduce memory usage. Loaded Objects now: 1558.
Total: 6,376434 ms (FindLiveObjects: 0,383630 ms CreateObjectMapping: 0,086131 ms MarkObjects: 5,557669 ms  DeleteObjects: 0,343103 ms)

========================================================================
Received Import Request.
  path: Assets/Materials
  artifactKey: Guid(7b24317f3c3d5cf899abbaa116c497e9) Importer(815301076,1909f56bfc062723c751e8b465ee728b)
Start importing Assets/Materials using Guid(7b24317f3c3d5cf899abbaa116c497e9) Importer(815301076,1909f56bfc062723c751e8b465ee728b)  -> (artifact id: '225adb979e0f16293c025242404bd09c') in 0,009201 seconds
  Import took 0,015210 seconds .

========================================================================
Received Import Request.
  Time since last request: 0,010232 seconds.
  path: Assets/Materials
  artifactKey: Guid(7b24317f3c3d5cf899abbaa116c497e9) Importer(815301076,1909f56bfc062723c751e8b465ee728b)
Start importing Assets/Materials using Guid(7b24317f3c3d5cf899abbaa116c497e9) Importer(815301076,1909f56bfc062723c751e8b465ee728b)  -> (artifact id: '225adb979e0f16293c025242404bd09c') in 0,001756 seconds
  Import took 0,007136 seconds .

========================================================================
Received Import Request.
  Time since last request: 15,232081 seconds.
  path: Assets/Textures/EarthTexture.jpg
  artifactKey: Guid(db9054362858af398bf9523a985c9d08) Importer(815301076,1909f56bfc062723c751e8b465ee728b)
Start importing Assets/Textures/EarthTexture.jpg using Guid(db9054362858af398bf9523a985c9d08) Importer(815301076,1909f56bfc062723c751e8b465ee728b)  -> (artifact id: '508681d0098d4284e669283a8acd91d6') in 0,086559 seconds
  Import took 0,092016 seconds .

========================================================================
Received Import Request.
  Time since last request: 0,000454 seconds.
  path: Assets/Icons/SunIcon.png
  artifactKey: Guid(311d792e4068e951684d4fedbbbf8f3c) Importer(815301076,1909f56bfc062723c751e8b465ee728b)
Start importing Assets/Icons/SunIcon.png using Guid(311d792e4068e951684d4fedbbbf8f3c) Importer(815301076,1909f56bfc062723c751e8b465ee728b)  -> (artifact id: 'bcdc6d8ed435997032906d6bdcd79a2f') in 0,010842 seconds
  Import took 0,015951 seconds .

========================================================================
Received Import Request.
  Time since last request: 0,000414 seconds.
  path: Assets/Textures/SaturnTexture.jpg
  artifactKey: Guid(7d8e7e2b734d0ec8696909ab30ad3b49) Importer(815301076,1909f56bfc062723c751e8b465ee728b)
Start importing Assets/Textures/SaturnTexture.jpg using Guid(7d8e7e2b734d0ec8696909ab30ad3b49) Importer(815301076,1909f56bfc062723c751e8b465ee728b)  -> (artifact id: 'bccbaca0747cd8ec57ce71243606565d') in 0,008907 seconds
  Import took 0,013240 seconds .

========================================================================
Received Import Request.
  Time since last request: 0,000417 seconds.
  path: Assets/Textures/UranusTexture.jpg
  artifactKey: Guid(df5fa56e510cfc1eba019085f09e6017) Importer(815301076,1909f56bfc062723c751e8b465ee728b)
Start importing Assets/Textures/UranusTexture.jpg using Guid(df5fa56e510cfc1eba019085f09e6017) Importer(815301076,1909f56bfc062723c751e8b465ee728b)  -> (artifact id: '5ada091d8cb6849d5da74f599b4a1426') in 0,006538 seconds
  Import took 0,010940 seconds .

========================================================================
Received Import Request.
  Time since last request: 0,000413 seconds.
  path: Assets/Textures/JupiterTexture.jpg
  artifactKey: Guid(ecc3a9bcaa66b0c8c86fa53036e81ed4) Importer(815301076,1909f56bfc062723c751e8b465ee728b)
Start importing Assets/Textures/JupiterTexture.jpg using Guid(ecc3a9bcaa66b0c8c86fa53036e81ed4) Importer(815301076,1909f56bfc062723c751e8b465ee728b)  -> (artifact id: 'f477e58019c5551312e4b95efb4e0a97') in 0,007866 seconds
  Import took 0,012048 seconds .

========================================================================
Received Import Request.
  Time since last request: 0,000467 seconds.
  path: Assets/Textures/MarsTexture.jpg
  artifactKey: Guid(d57b7875135be6086a9d05459d7d3851) Importer(815301076,1909f56bfc062723c751e8b465ee728b)
Start importing Assets/Textures/MarsTexture.jpg using Guid(d57b7875135be6086a9d05459d7d3851) Importer(815301076,1909f56bfc062723c751e8b465ee728b)  -> (artifact id: 'f164dbfa0eb0b1caf6757c4793663c23') in 0,007865 seconds
  Import took 0,012573 seconds .

========================================================================
Received Import Request.
  Time since last request: 0,000387 seconds.
  path: Assets/Textures/MercuryTexture.jpg
  artifactKey: Guid(b67b4df7d9246ea8e8729a85d5e0f935) Importer(815301076,1909f56bfc062723c751e8b465ee728b)
Start importing Assets/Textures/MercuryTexture.jpg using Guid(b67b4df7d9246ea8e8729a85d5e0f935) Importer(815301076,1909f56bfc062723c751e8b465ee728b)  -> (artifact id: '3874fc671be65fa760da125a1b00c8fe') in 0,013151 seconds
  Import took 0,017631 seconds .

========================================================================
Received Import Request.
  Time since last request: 0,000295 seconds.
  path: Assets/Textures/NeptuneTexture.jpg
  artifactKey: Guid(0ecc0765b96ca416e9504e16e1acaeaf) Importer(815301076,1909f56bfc062723c751e8b465ee728b)
Start importing Assets/Textures/NeptuneTexture.jpg using Guid(0ecc0765b96ca416e9504e16e1acaeaf) Importer(815301076,1909f56bfc062723c751e8b465ee728b)  -> (artifact id: '7e594f41e8edaa5b6135745fce8ee1ef') in 0,009178 seconds
  Import took 0,013332 seconds .

========================================================================
Received Import Request.
  Time since last request: 0,000288 seconds.
  path: Assets/Textures/PlutoTexture.jpg
  artifactKey: Guid(f6e0d2a2fab646d18a55dec51dedbf0f) Importer(815301076,1909f56bfc062723c751e8b465ee728b)
Start importing Assets/Textures/PlutoTexture.jpg using Guid(f6e0d2a2fab646d18a55dec51dedbf0f) Importer(815301076,1909f56bfc062723c751e8b465ee728b)  -> (artifact id: '9529af928be672547d2261844b4db7e0') in 0,007594 seconds
  Import took 0,012258 seconds .

========================================================================
Received Import Request.
  Time since last request: 0,000467 seconds.
  path: Assets/Textures/SpaceTexture.jpg
  artifactKey: Guid(2193f991a77145390a50c4da881b527a) Importer(815301076,1909f56bfc062723c751e8b465ee728b)
Start importing Assets/Textures/SpaceTexture.jpg using Guid(2193f991a77145390a50c4da881b527a) Importer(815301076,1909f56bfc062723c751e8b465ee728b)  -> (artifact id: '118811ff05fd68625450f0486dbce5bd') in 0,008651 seconds
  Import took 0,012855 seconds .

========================================================================
Received Import Request.
  Time since last request: 0,000324 seconds.
  path: Assets/Textures/MoonTexture.jpg
  artifactKey: Guid(aa48a2988bdc0613d8904e02ae602ab8) Importer(815301076,1909f56bfc062723c751e8b465ee728b)
Start importing Assets/Textures/MoonTexture.jpg using Guid(aa48a2988bdc0613d8904e02ae602ab8) Importer(815301076,1909f56bfc062723c751e8b465ee728b)  -> (artifact id: '4a9f627174b31ed31348a9c0d3137f70') in 0,007037 seconds
  Import took 0,011236 seconds .

========================================================================
Received Import Request.
  Time since last request: 0,000345 seconds.
  path: Assets/Textures/SunTexture.jpg
  artifactKey: Guid(7db5297489b7e4474b310e9b1bc53c33) Importer(815301076,1909f56bfc062723c751e8b465ee728b)
Start importing Assets/Textures/SunTexture.jpg using Guid(7db5297489b7e4474b310e9b1bc53c33) Importer(815301076,1909f56bfc062723c751e8b465ee728b)  -> (artifact id: '08e0455f0089f157293cd2546905fcfc') in 0,007608 seconds
  Import took 0,011960 seconds .

